[0.076s] Invoking command in '/home/pi/ros2_ws/build/examples_rclcpp_minimal_timer': CMAKE_PREFIX_PATH=${CMAKE_PREFIX_PATH}:/home/pi/turtlebot3_ws/install/turtlebot3_teleop:/home/pi/turtlebot3_ws/install/turtlebot3_example:/opt/ros/humble /usr/bin/cmake /home/pi/ros2_ws/src/examples/rclcpp/timers/minimal_timer -DAMENT_CMAKE_SYMLINK_INSTALL=1 -DCMAKE_INSTALL_PREFIX=/home/pi/ros2_ws/install/examples_rclcpp_minimal_timer
[0.435s] -- The C compiler identification is GNU 11.2.0
[0.790s] -- The CXX compiler identification is GNU 11.2.0
[0.835s] -- Detecting C compiler ABI info
[1.286s] -- Detecting C compiler ABI info - done
[1.320s] -- Check for working C compiler: /usr/bin/cc - skipped
[1.323s] -- Detecting C compile features
[1.327s] -- Detecting C compile features - done
[1.346s] -- Detecting CXX compiler ABI info
[1.917s] -- Detecting CXX compiler ABI info - done
[1.952s] -- Check for working CXX compiler: /usr/bin/c++ - skipped
[1.955s] -- Detecting CXX compile features
[1.959s] -- Detecting CXX compile features - done
[1.995s] -- Found ament_cmake: 1.3.2 (/opt/ros/humble/share/ament_cmake/cmake)
[3.418s] -- Found Python3: /usr/bin/python3.10 (found version "3.10.4") found components: Interpreter 
[3.948s] -- Override CMake install command with custom implementation using symlinks instead of copying resources
[4.380s] -- Found rclcpp: 16.0.1 (/opt/ros/humble/share/rclcpp/cmake)
[4.957s] -- Found rosidl_generator_c: 3.1.3 (/opt/ros/humble/share/rosidl_generator_c/cmake)
[5.021s] -- Found rosidl_adapter: 3.1.3 (/opt/ros/humble/share/rosidl_adapter/cmake)
[5.112s] -- Found rosidl_generator_cpp: 3.1.3 (/opt/ros/humble/share/rosidl_generator_cpp/cmake)
[5.236s] -- Using all available rosidl_typesupport_c: rosidl_typesupport_fastrtps_c;rosidl_typesupport_introspection_c
[5.414s] -- Using all available rosidl_typesupport_cpp: rosidl_typesupport_fastrtps_cpp;rosidl_typesupport_introspection_cpp
[5.948s] -- Found rmw_implementation_cmake: 6.1.0 (/opt/ros/humble/share/rmw_implementation_cmake/cmake)
[5.986s] -- Found rmw_fastrtps_cpp: 6.2.1 (/opt/ros/humble/share/rmw_fastrtps_cpp/cmake)
[6.736s] -- Found OpenSSL: /usr/lib/aarch64-linux-gnu/libcrypto.so (found version "3.0.2")  
[6.969s] -- Found FastRTPS: /opt/ros/humble/include  
[7.393s] -- Using RMW implementation 'rmw_fastrtps_cpp' as default
[8.393s] -- Found ament_lint_auto: 0.12.4 (/opt/ros/humble/share/ament_lint_auto/cmake)
[9.183s] -- Added test 'copyright' to check source files copyright and LICENSE
[9.195s] -- Added test 'cppcheck' to perform static code analysis on C / C++ code
[9.197s] -- Configured cppcheck include dirs: 
[9.199s] -- Configured cppcheck exclude dirs and/or files: 
[9.205s] -- Added test 'cpplint' to check C / C++ code against the Google style
[9.206s] -- Configured cpplint exclude dirs and/or files: 
[9.212s] -- Added test 'lint_cmake' to check CMake code style
[9.224s] -- Added test 'uncrustify' to check C / C++ code style
[9.226s] -- Configured uncrustify additional arguments: 
[9.229s] -- Added test 'xmllint' to check XML markup files
[9.249s] -- Configuring done
[9.375s] -- Generating done
[9.392s] -- Build files have been written to: /home/pi/ros2_ws/build/examples_rclcpp_minimal_timer
[9.466s] Invoked command in '/home/pi/ros2_ws/build/examples_rclcpp_minimal_timer' returned '0': CMAKE_PREFIX_PATH=${CMAKE_PREFIX_PATH}:/home/pi/turtlebot3_ws/install/turtlebot3_teleop:/home/pi/turtlebot3_ws/install/turtlebot3_example:/opt/ros/humble /usr/bin/cmake /home/pi/ros2_ws/src/examples/rclcpp/timers/minimal_timer -DAMENT_CMAKE_SYMLINK_INSTALL=1 -DCMAKE_INSTALL_PREFIX=/home/pi/ros2_ws/install/examples_rclcpp_minimal_timer
[9.477s] Invoking command in '/home/pi/ros2_ws/build/examples_rclcpp_minimal_timer': CMAKE_PREFIX_PATH=${CMAKE_PREFIX_PATH}:/home/pi/turtlebot3_ws/install/turtlebot3_teleop:/home/pi/turtlebot3_ws/install/turtlebot3_example:/opt/ros/humble /usr/bin/cmake --build /home/pi/ros2_ws/build/examples_rclcpp_minimal_timer -- -j4 -l4
[9.758s] [ 25%] [32mBuilding CXX object CMakeFiles/timer_lambda.dir/lambda.cpp.o[0m
[29.450s] [ 50%] [32m[1mLinking CXX executable timer_lambda[0m
[30.352s] [ 50%] Built target timer_lambda
[30.507s] [ 75%] [32mBuilding CXX object CMakeFiles/timer_member_function.dir/member_function.cpp.o[0m
[49.169s] [100%] [32m[1mLinking CXX executable timer_member_function[0m
[49.951s] [100%] Built target timer_member_function
[50.014s] Invoked command in '/home/pi/ros2_ws/build/examples_rclcpp_minimal_timer' returned '0': CMAKE_PREFIX_PATH=${CMAKE_PREFIX_PATH}:/home/pi/turtlebot3_ws/install/turtlebot3_teleop:/home/pi/turtlebot3_ws/install/turtlebot3_example:/opt/ros/humble /usr/bin/cmake --build /home/pi/ros2_ws/build/examples_rclcpp_minimal_timer -- -j4 -l4
[50.210s] Invoking command in '/home/pi/ros2_ws/build/examples_rclcpp_minimal_timer': CMAKE_PREFIX_PATH=${CMAKE_PREFIX_PATH}:/home/pi/turtlebot3_ws/install/turtlebot3_teleop:/home/pi/turtlebot3_ws/install/turtlebot3_example:/opt/ros/humble /usr/bin/cmake --install /home/pi/ros2_ws/build/examples_rclcpp_minimal_timer
[50.257s] -- Install configuration: ""
[50.261s] -- Execute custom install script
[50.266s] -- Symlinking: /home/pi/ros2_ws/install/examples_rclcpp_minimal_timer/lib/examples_rclcpp_minimal_timer/timer_lambda
[50.313s] -- Symlinking: /home/pi/ros2_ws/install/examples_rclcpp_minimal_timer/lib/examples_rclcpp_minimal_timer/timer_member_function
[50.361s] -- Symlinking: /home/pi/ros2_ws/install/examples_rclcpp_minimal_timer/share/ament_index/resource_index/package_run_dependencies/examples_rclcpp_minimal_timer
[50.409s] -- Symlinking: /home/pi/ros2_ws/install/examples_rclcpp_minimal_timer/share/ament_index/resource_index/parent_prefix_path/examples_rclcpp_minimal_timer
[50.457s] -- Symlinking: /home/pi/ros2_ws/install/examples_rclcpp_minimal_timer/share/examples_rclcpp_minimal_timer/environment/ament_prefix_path.sh
[50.505s] -- Symlinking: /home/pi/ros2_ws/install/examples_rclcpp_minimal_timer/share/examples_rclcpp_minimal_timer/environment/ament_prefix_path.dsv
[50.551s] -- Symlinking: /home/pi/ros2_ws/install/examples_rclcpp_minimal_timer/share/examples_rclcpp_minimal_timer/environment/path.sh
[50.598s] -- Symlinking: /home/pi/ros2_ws/install/examples_rclcpp_minimal_timer/share/examples_rclcpp_minimal_timer/environment/path.dsv
[50.645s] -- Symlinking: /home/pi/ros2_ws/install/examples_rclcpp_minimal_timer/share/examples_rclcpp_minimal_timer/local_setup.bash
[50.693s] -- Symlinking: /home/pi/ros2_ws/install/examples_rclcpp_minimal_timer/share/examples_rclcpp_minimal_timer/local_setup.sh
[50.739s] -- Symlinking: /home/pi/ros2_ws/install/examples_rclcpp_minimal_timer/share/examples_rclcpp_minimal_timer/local_setup.zsh
[50.787s] -- Symlinking: /home/pi/ros2_ws/install/examples_rclcpp_minimal_timer/share/examples_rclcpp_minimal_timer/local_setup.dsv
[50.835s] -- Symlinking: /home/pi/ros2_ws/install/examples_rclcpp_minimal_timer/share/examples_rclcpp_minimal_timer/package.dsv
[50.882s] -- Symlinking: /home/pi/ros2_ws/install/examples_rclcpp_minimal_timer/share/ament_index/resource_index/packages/examples_rclcpp_minimal_timer
[50.931s] -- Symlinking: /home/pi/ros2_ws/install/examples_rclcpp_minimal_timer/share/examples_rclcpp_minimal_timer/cmake/examples_rclcpp_minimal_timerConfig.cmake
[50.978s] -- Symlinking: /home/pi/ros2_ws/install/examples_rclcpp_minimal_timer/share/examples_rclcpp_minimal_timer/cmake/examples_rclcpp_minimal_timerConfig-version.cmake
[51.024s] -- Symlinking: /home/pi/ros2_ws/install/examples_rclcpp_minimal_timer/share/examples_rclcpp_minimal_timer/package.xml
[51.090s] Invoked command in '/home/pi/ros2_ws/build/examples_rclcpp_minimal_timer' returned '0': CMAKE_PREFIX_PATH=${CMAKE_PREFIX_PATH}:/home/pi/turtlebot3_ws/install/turtlebot3_teleop:/home/pi/turtlebot3_ws/install/turtlebot3_example:/opt/ros/humble /usr/bin/cmake --install /home/pi/ros2_ws/build/examples_rclcpp_minimal_timer
