[5.667s] Invoking command in '/home/pi/ros2_ws/build/examples_rclpy_minimal_action_server': PYTHONPATH=/home/pi/ros2_ws/install/examples_rclpy_minimal_action_server/lib/python3.10/site-packages:${PYTHONPATH} /usr/bin/python3 setup.py develop --prefix /home/pi/ros2_ws/install/examples_rclpy_minimal_action_server --editable --build-directory /home/pi/ros2_ws/build/examples_rclpy_minimal_action_server/build --no-deps install_data --install-dir /home/pi/ros2_ws/install/examples_rclpy_minimal_action_server
[7.464s] running develop
[7.469s] /usr/lib/python3/dist-packages/setuptools/command/easy_install.py:158: EasyInstallDeprecationWarning: easy_install command is deprecated. Use build and pip and other standards-based tools.
[7.470s]   warnings.warn(
[7.485s] /usr/lib/python3/dist-packages/setuptools/command/install.py:34: SetuptoolsDeprecationWarning: setup.py install is deprecated. Use build and pip and other standards-based tools.
[7.486s]   warnings.warn(
[8.232s] /usr/lib/python3/dist-packages/pkg_resources/__init__.py:116: PkgResourcesDeprecationWarning: 1.1build1 is an invalid version and will not be supported in a future release
[8.233s]   warnings.warn(
[8.236s] /usr/lib/python3/dist-packages/pkg_resources/__init__.py:116: PkgResourcesDeprecationWarning: 0.1.43ubuntu1 is an invalid version and will not be supported in a future release
[8.236s]   warnings.warn(
[9.255s] running egg_info
[9.257s] creating examples_rclpy_minimal_action_server.egg-info
[9.260s] writing examples_rclpy_minimal_action_server.egg-info/PKG-INFO
[9.263s] writing dependency_links to examples_rclpy_minimal_action_server.egg-info/dependency_links.txt
[9.266s] writing entry points to examples_rclpy_minimal_action_server.egg-info/entry_points.txt
[9.268s] writing requirements to examples_rclpy_minimal_action_server.egg-info/requires.txt
[9.270s] writing top-level names to examples_rclpy_minimal_action_server.egg-info/top_level.txt
[9.273s] writing manifest file 'examples_rclpy_minimal_action_server.egg-info/SOURCES.txt'
[9.287s] reading manifest file 'examples_rclpy_minimal_action_server.egg-info/SOURCES.txt'
[9.293s] writing manifest file 'examples_rclpy_minimal_action_server.egg-info/SOURCES.txt'
[9.302s] running build_ext
[9.305s] Creating /home/pi/ros2_ws/install/examples_rclpy_minimal_action_server/lib/python3.10/site-packages/examples-rclpy-minimal-action-server.egg-link (link to .)
[9.312s] Installing server script to /home/pi/ros2_ws/install/examples_rclpy_minimal_action_server/lib/examples_rclpy_minimal_action_server
[9.315s] Installing server_defer script to /home/pi/ros2_ws/install/examples_rclpy_minimal_action_server/lib/examples_rclpy_minimal_action_server
[9.317s] Installing server_not_composable script to /home/pi/ros2_ws/install/examples_rclpy_minimal_action_server/lib/examples_rclpy_minimal_action_server
[9.319s] Installing server_queue_goals script to /home/pi/ros2_ws/install/examples_rclpy_minimal_action_server/lib/examples_rclpy_minimal_action_server
[9.322s] Installing server_single_goal script to /home/pi/ros2_ws/install/examples_rclpy_minimal_action_server/lib/examples_rclpy_minimal_action_server
[9.325s] 
[9.326s] Installed /home/pi/ros2_ws/build/examples_rclpy_minimal_action_server
[9.328s] running install_data
[9.330s] creating /home/pi/ros2_ws/install/examples_rclpy_minimal_action_server/share/ament_index
[9.332s] creating /home/pi/ros2_ws/install/examples_rclpy_minimal_action_server/share/ament_index/resource_index
[9.334s] creating /home/pi/ros2_ws/install/examples_rclpy_minimal_action_server/share/ament_index/resource_index/packages
[9.337s] copying resource/examples_rclpy_minimal_action_server -> /home/pi/ros2_ws/install/examples_rclpy_minimal_action_server/share/ament_index/resource_index/packages
[9.340s] copying package.xml -> /home/pi/ros2_ws/install/examples_rclpy_minimal_action_server/share/examples_rclpy_minimal_action_server
[9.560s] Invoked command in '/home/pi/ros2_ws/build/examples_rclpy_minimal_action_server' returned '0': PYTHONPATH=/home/pi/ros2_ws/install/examples_rclpy_minimal_action_server/lib/python3.10/site-packages:${PYTHONPATH} /usr/bin/python3 setup.py develop --prefix /home/pi/ros2_ws/install/examples_rclpy_minimal_action_server --editable --build-directory /home/pi/ros2_ws/build/examples_rclpy_minimal_action_server/build --no-deps install_data --install-dir /home/pi/ros2_ws/install/examples_rclpy_minimal_action_server
