[0.101s] Invoking command in '/home/pi/ros2_ws/build/examples_rclcpp_minimal_action_server': CMAKE_PREFIX_PATH=${CMAKE_PREFIX_PATH}:/home/pi/turtlebot3_ws/install/turtlebot3_teleop:/home/pi/turtlebot3_ws/install/turtlebot3_example:/opt/ros/humble /usr/bin/cmake /home/pi/ros2_ws/src/examples/rclcpp/actions/minimal_action_server -DAMENT_CMAKE_SYMLINK_INSTALL=1 -DCMAKE_INSTALL_PREFIX=/home/pi/ros2_ws/install/examples_rclcpp_minimal_action_server
[1.388s] -- The C compiler identification is GNU 11.2.0
[2.236s] -- The CXX compiler identification is GNU 11.2.0
[2.289s] -- Detecting C compiler ABI info
[2.776s] -- Detecting C compiler ABI info - done
[2.806s] -- Check for working C compiler: /usr/bin/cc - skipped
[2.807s] -- Detecting C compile features
[2.808s] -- Detecting C compile features - done
[2.822s] -- Detecting CXX compiler ABI info
[3.303s] -- Detecting CXX compiler ABI info - done
[3.338s] -- Check for working CXX compiler: /usr/bin/c++ - skipped
[3.339s] -- Detecting CXX compile features
[3.341s] -- Detecting CXX compile features - done
[3.371s] -- Found ament_cmake: 1.3.2 (/opt/ros/humble/share/ament_cmake/cmake)
[4.800s] -- Found Python3: /usr/bin/python3.10 (found version "3.10.4") found components: Interpreter 
[5.317s] -- Override CMake install command with custom implementation using symlinks instead of copying resources
[5.772s] -- Found example_interfaces: 0.9.3 (/opt/ros/humble/share/example_interfaces/cmake)
[6.796s] -- Found rosidl_generator_c: 3.1.3 (/opt/ros/humble/share/rosidl_generator_c/cmake)
[6.909s] -- Found rosidl_adapter: 3.1.3 (/opt/ros/humble/share/rosidl_adapter/cmake)
[7.004s] -- Found rosidl_generator_cpp: 3.1.3 (/opt/ros/humble/share/rosidl_generator_cpp/cmake)
[7.134s] -- Using all available rosidl_typesupport_c: rosidl_typesupport_fastrtps_c;rosidl_typesupport_introspection_c
[7.316s] -- Using all available rosidl_typesupport_cpp: rosidl_typesupport_fastrtps_cpp;rosidl_typesupport_introspection_cpp
[8.125s] -- Found rclcpp: 16.0.1 (/opt/ros/humble/share/rclcpp/cmake)
[8.540s] -- Found rmw_implementation_cmake: 6.1.0 (/opt/ros/humble/share/rmw_implementation_cmake/cmake)
[8.573s] -- Found rmw_fastrtps_cpp: 6.2.1 (/opt/ros/humble/share/rmw_fastrtps_cpp/cmake)
[9.201s] -- Found OpenSSL: /usr/lib/aarch64-linux-gnu/libcrypto.so (found version "3.0.2")  
[9.419s] -- Found FastRTPS: /opt/ros/humble/include  
[9.791s] -- Using RMW implementation 'rmw_fastrtps_cpp' as default
[10.568s] -- Found rclcpp_action: 16.0.1 (/opt/ros/humble/share/rclcpp_action/cmake)
[10.738s] -- Found ament_lint_auto: 0.12.4 (/opt/ros/humble/share/ament_lint_auto/cmake)
[11.520s] -- Added test 'copyright' to check source files copyright and LICENSE
[11.534s] -- Added test 'cppcheck' to perform static code analysis on C / C++ code
[11.535s] -- Configured cppcheck include dirs: 
[11.535s] -- Configured cppcheck exclude dirs and/or files: 
[11.541s] -- Added test 'cpplint' to check C / C++ code against the Google style
[11.542s] -- Configured cpplint exclude dirs and/or files: 
[11.547s] -- Added test 'lint_cmake' to check CMake code style
[11.555s] -- Added test 'uncrustify' to check C / C++ code style
[11.556s] -- Configured uncrustify additional arguments: 
[11.559s] -- Added test 'xmllint' to check XML markup files
[11.573s] -- Configuring done
[11.682s] -- Generating done
[11.696s] -- Build files have been written to: /home/pi/ros2_ws/build/examples_rclcpp_minimal_action_server
[11.795s] Invoked command in '/home/pi/ros2_ws/build/examples_rclcpp_minimal_action_server' returned '0': CMAKE_PREFIX_PATH=${CMAKE_PREFIX_PATH}:/home/pi/turtlebot3_ws/install/turtlebot3_teleop:/home/pi/turtlebot3_ws/install/turtlebot3_example:/opt/ros/humble /usr/bin/cmake /home/pi/ros2_ws/src/examples/rclcpp/actions/minimal_action_server -DAMENT_CMAKE_SYMLINK_INSTALL=1 -DCMAKE_INSTALL_PREFIX=/home/pi/ros2_ws/install/examples_rclcpp_minimal_action_server
[11.798s] Invoking command in '/home/pi/ros2_ws/build/examples_rclcpp_minimal_action_server': CMAKE_PREFIX_PATH=${CMAKE_PREFIX_PATH}:/home/pi/turtlebot3_ws/install/turtlebot3_teleop:/home/pi/turtlebot3_ws/install/turtlebot3_example:/opt/ros/humble /usr/bin/cmake --build /home/pi/ros2_ws/build/examples_rclcpp_minimal_action_server -- -j4 -l4
[12.230s] [ 25%] [32mBuilding CXX object CMakeFiles/action_server_not_composable.dir/not_composable.cpp.o[0m
[12.232s] [ 50%] [32mBuilding CXX object CMakeFiles/action_server_member_functions.dir/member_functions.cpp.o[0m
[73.622s] [ 75%] [32m[1mLinking CXX executable action_server_member_functions[0m
[76.049s] [ 75%] Built target action_server_member_functions
[78.132s] [100%] [32m[1mLinking CXX executable action_server_not_composable[0m
[80.149s] [100%] Built target action_server_not_composable
[80.306s] Invoked command in '/home/pi/ros2_ws/build/examples_rclcpp_minimal_action_server' returned '0': CMAKE_PREFIX_PATH=${CMAKE_PREFIX_PATH}:/home/pi/turtlebot3_ws/install/turtlebot3_teleop:/home/pi/turtlebot3_ws/install/turtlebot3_example:/opt/ros/humble /usr/bin/cmake --build /home/pi/ros2_ws/build/examples_rclcpp_minimal_action_server -- -j4 -l4
[81.035s] Invoking command in '/home/pi/ros2_ws/build/examples_rclcpp_minimal_action_server': CMAKE_PREFIX_PATH=${CMAKE_PREFIX_PATH}:/home/pi/turtlebot3_ws/install/turtlebot3_teleop:/home/pi/turtlebot3_ws/install/turtlebot3_example:/opt/ros/humble /usr/bin/cmake --install /home/pi/ros2_ws/build/examples_rclcpp_minimal_action_server
[81.120s] -- Install configuration: ""
[81.124s] -- Execute custom install script
[81.129s] -- Symlinking: /home/pi/ros2_ws/install/examples_rclcpp_minimal_action_server/lib/examples_rclcpp_minimal_action_server/action_server_not_composable
[81.230s] -- Symlinking: /home/pi/ros2_ws/install/examples_rclcpp_minimal_action_server/lib/examples_rclcpp_minimal_action_server/action_server_member_functions
[81.384s] -- Symlinking: /home/pi/ros2_ws/install/examples_rclcpp_minimal_action_server/share/ament_index/resource_index/package_run_dependencies/examples_rclcpp_minimal_action_server
[81.482s] -- Symlinking: /home/pi/ros2_ws/install/examples_rclcpp_minimal_action_server/share/ament_index/resource_index/parent_prefix_path/examples_rclcpp_minimal_action_server
[81.533s] -- Symlinking: /home/pi/ros2_ws/install/examples_rclcpp_minimal_action_server/share/examples_rclcpp_minimal_action_server/environment/ament_prefix_path.sh
[81.591s] -- Symlinking: /home/pi/ros2_ws/install/examples_rclcpp_minimal_action_server/share/examples_rclcpp_minimal_action_server/environment/ament_prefix_path.dsv
[81.647s] -- Symlinking: /home/pi/ros2_ws/install/examples_rclcpp_minimal_action_server/share/examples_rclcpp_minimal_action_server/environment/path.sh
[81.692s] -- Symlinking: /home/pi/ros2_ws/install/examples_rclcpp_minimal_action_server/share/examples_rclcpp_minimal_action_server/environment/path.dsv
[81.757s] -- Symlinking: /home/pi/ros2_ws/install/examples_rclcpp_minimal_action_server/share/examples_rclcpp_minimal_action_server/local_setup.bash
[81.799s] -- Symlinking: /home/pi/ros2_ws/install/examples_rclcpp_minimal_action_server/share/examples_rclcpp_minimal_action_server/local_setup.sh
[81.874s] -- Symlinking: /home/pi/ros2_ws/install/examples_rclcpp_minimal_action_server/share/examples_rclcpp_minimal_action_server/local_setup.zsh
[81.981s] -- Symlinking: /home/pi/ros2_ws/install/examples_rclcpp_minimal_action_server/share/examples_rclcpp_minimal_action_server/local_setup.dsv
[82.070s] -- Symlinking: /home/pi/ros2_ws/install/examples_rclcpp_minimal_action_server/share/examples_rclcpp_minimal_action_server/package.dsv
[82.127s] -- Symlinking: /home/pi/ros2_ws/install/examples_rclcpp_minimal_action_server/share/ament_index/resource_index/packages/examples_rclcpp_minimal_action_server
[82.178s] -- Symlinking: /home/pi/ros2_ws/install/examples_rclcpp_minimal_action_server/share/examples_rclcpp_minimal_action_server/cmake/examples_rclcpp_minimal_action_serverConfig.cmake
[82.243s] -- Symlinking: /home/pi/ros2_ws/install/examples_rclcpp_minimal_action_server/share/examples_rclcpp_minimal_action_server/cmake/examples_rclcpp_minimal_action_serverConfig-version.cmake
[82.307s] -- Symlinking: /home/pi/ros2_ws/install/examples_rclcpp_minimal_action_server/share/examples_rclcpp_minimal_action_server/package.xml
[82.382s] Invoked command in '/home/pi/ros2_ws/build/examples_rclcpp_minimal_action_server' returned '0': CMAKE_PREFIX_PATH=${CMAKE_PREFIX_PATH}:/home/pi/turtlebot3_ws/install/turtlebot3_teleop:/home/pi/turtlebot3_ws/install/turtlebot3_example:/opt/ros/humble /usr/bin/cmake --install /home/pi/ros2_ws/build/examples_rclcpp_minimal_action_server
