[5.130s] Invoking command in '/home/pi/ros2_ws/build/examples_rclpy_pointcloud_publisher': PYTHONPATH=/home/pi/ros2_ws/install/examples_rclpy_pointcloud_publisher/lib/python3.10/site-packages:${PYTHONPATH} /usr/bin/python3 setup.py develop --prefix /home/pi/ros2_ws/install/examples_rclpy_pointcloud_publisher --editable --build-directory /home/pi/ros2_ws/build/examples_rclpy_pointcloud_publisher/build --no-deps install_data --install-dir /home/pi/ros2_ws/install/examples_rclpy_pointcloud_publisher
[7.039s] running develop
[7.041s] /usr/lib/python3/dist-packages/setuptools/command/easy_install.py:158: EasyInstallDeprecationWarning: easy_install command is deprecated. Use build and pip and other standards-based tools.
[7.042s]   warnings.warn(
[7.049s] /usr/lib/python3/dist-packages/setuptools/command/install.py:34: SetuptoolsDeprecationWarning: setup.py install is deprecated. Use build and pip and other standards-based tools.
[7.050s]   warnings.warn(
[7.502s] /usr/lib/python3/dist-packages/pkg_resources/__init__.py:116: PkgResourcesDeprecationWarning: 1.1build1 is an invalid version and will not be supported in a future release
[7.503s]   warnings.warn(
[7.505s] /usr/lib/python3/dist-packages/pkg_resources/__init__.py:116: PkgResourcesDeprecationWarning: 0.1.43ubuntu1 is an invalid version and will not be supported in a future release
[7.506s]   warnings.warn(
[8.716s] running egg_info
[8.718s] creating examples_rclpy_pointcloud_publisher.egg-info
[8.719s] writing examples_rclpy_pointcloud_publisher.egg-info/PKG-INFO
[8.720s] writing dependency_links to examples_rclpy_pointcloud_publisher.egg-info/dependency_links.txt
[8.722s] writing entry points to examples_rclpy_pointcloud_publisher.egg-info/entry_points.txt
[8.724s] writing requirements to examples_rclpy_pointcloud_publisher.egg-info/requires.txt
[8.725s] writing top-level names to examples_rclpy_pointcloud_publisher.egg-info/top_level.txt
[8.726s] writing manifest file 'examples_rclpy_pointcloud_publisher.egg-info/SOURCES.txt'
[8.737s] reading manifest file 'examples_rclpy_pointcloud_publisher.egg-info/SOURCES.txt'
[8.741s] writing manifest file 'examples_rclpy_pointcloud_publisher.egg-info/SOURCES.txt'
[8.752s] running build_ext
[8.754s] Creating /home/pi/ros2_ws/install/examples_rclpy_pointcloud_publisher/lib/python3.10/site-packages/examples-rclpy-pointcloud-publisher.egg-link (link to .)
[8.760s] Installing pointcloud_publisher script to /home/pi/ros2_ws/install/examples_rclpy_pointcloud_publisher/lib/examples_rclpy_pointcloud_publisher
[8.764s] 
[8.765s] Installed /home/pi/ros2_ws/build/examples_rclpy_pointcloud_publisher
[8.767s] running install_data
[8.768s] creating /home/pi/ros2_ws/install/examples_rclpy_pointcloud_publisher/share/ament_index
[8.769s] creating /home/pi/ros2_ws/install/examples_rclpy_pointcloud_publisher/share/ament_index/resource_index
[8.772s] creating /home/pi/ros2_ws/install/examples_rclpy_pointcloud_publisher/share/ament_index/resource_index/packages
[8.774s] copying resource/examples_rclpy_pointcloud_publisher -> /home/pi/ros2_ws/install/examples_rclpy_pointcloud_publisher/share/ament_index/resource_index/packages
[8.776s] copying package.xml -> /home/pi/ros2_ws/install/examples_rclpy_pointcloud_publisher/share/examples_rclpy_pointcloud_publisher
[9.041s] Invoked command in '/home/pi/ros2_ws/build/examples_rclpy_pointcloud_publisher' returned '0': PYTHONPATH=/home/pi/ros2_ws/install/examples_rclpy_pointcloud_publisher/lib/python3.10/site-packages:${PYTHONPATH} /usr/bin/python3 setup.py develop --prefix /home/pi/ros2_ws/install/examples_rclpy_pointcloud_publisher --editable --build-directory /home/pi/ros2_ws/build/examples_rclpy_pointcloud_publisher/build --no-deps install_data --install-dir /home/pi/ros2_ws/install/examples_rclpy_pointcloud_publisher
