[0.136s] Invoking command in '/home/pi/ros2_ws/build/examples_rclcpp_cbg_executor': CMAKE_PREFIX_PATH=${CMAKE_PREFIX_PATH}:/home/pi/turtlebot3_ws/install/turtlebot3_teleop:/home/pi/turtlebot3_ws/install/turtlebot3_example:/opt/ros/humble /usr/bin/cmake /home/pi/ros2_ws/src/examples/rclcpp/executors/cbg_executor -DAMENT_CMAKE_SYMLINK_INSTALL=1 -DCMAKE_INSTALL_PREFIX=/home/pi/ros2_ws/install/examples_rclcpp_cbg_executor
[1.449s] -- The C compiler identification is GNU 11.2.0
[2.312s] -- The CXX compiler identification is GNU 11.2.0
[2.357s] -- Detecting C compiler ABI info
[2.838s] -- Detecting C compiler ABI info - done
[2.866s] -- Check for working C compiler: /usr/bin/cc - skipped
[2.867s] -- Detecting C compile features
[2.868s] -- Detecting C compile features - done
[2.884s] -- Detecting CXX compiler ABI info
[3.363s] -- Detecting CXX compiler ABI info - done
[3.391s] -- Check for working CXX compiler: /usr/bin/c++ - skipped
[3.393s] -- Detecting CXX compile features
[3.396s] -- Detecting CXX compile features - done
[3.436s] -- Found ament_cmake: 1.3.2 (/opt/ros/humble/share/ament_cmake/cmake)
[4.863s] -- Found Python3: /usr/bin/python3.10 (found version "3.10.4") found components: Interpreter 
[5.384s] -- Override CMake install command with custom implementation using symlinks instead of copying resources
[5.841s] -- Found rclcpp: 16.0.1 (/opt/ros/humble/share/rclcpp/cmake)
[6.861s] -- Found rosidl_generator_c: 3.1.3 (/opt/ros/humble/share/rosidl_generator_c/cmake)
[6.976s] -- Found rosidl_adapter: 3.1.3 (/opt/ros/humble/share/rosidl_adapter/cmake)
[7.071s] -- Found rosidl_generator_cpp: 3.1.3 (/opt/ros/humble/share/rosidl_generator_cpp/cmake)
[7.202s] -- Using all available rosidl_typesupport_c: rosidl_typesupport_fastrtps_c;rosidl_typesupport_introspection_c
[7.381s] -- Using all available rosidl_typesupport_cpp: rosidl_typesupport_fastrtps_cpp;rosidl_typesupport_introspection_cpp
[7.901s] -- Found rmw_implementation_cmake: 6.1.0 (/opt/ros/humble/share/rmw_implementation_cmake/cmake)
[7.941s] -- Found rmw_fastrtps_cpp: 6.2.1 (/opt/ros/humble/share/rmw_fastrtps_cpp/cmake)
[8.657s] -- Found OpenSSL: /usr/lib/aarch64-linux-gnu/libcrypto.so (found version "3.0.2")  
[8.887s] -- Found FastRTPS: /opt/ros/humble/include  
[9.289s] -- Using RMW implementation 'rmw_fastrtps_cpp' as default
[10.158s] -- Found ament_lint_auto: 0.12.4 (/opt/ros/humble/share/ament_lint_auto/cmake)
[10.861s] -- Added test 'copyright' to check source files copyright and LICENSE
[10.880s] -- Added test 'cppcheck' to perform static code analysis on C / C++ code
[10.881s] -- Configured cppcheck include dirs: /home/pi/ros2_ws/src/examples/rclcpp/executors/cbg_executor/include
[10.882s] -- Configured cppcheck exclude dirs and/or files: 
[10.903s] -- Added test 'cpplint' to check C / C++ code against the Google style
[10.903s] -- Configured cpplint exclude dirs and/or files: 
[10.916s] -- Added test 'lint_cmake' to check CMake code style
[10.939s] -- Added test 'uncrustify' to check C / C++ code style
[10.939s] -- Configured uncrustify additional arguments: 
[10.947s] -- Added test 'xmllint' to check XML markup files
[11.037s] -- Configuring done
[11.286s] -- Generating done
[11.296s] -- Build files have been written to: /home/pi/ros2_ws/build/examples_rclcpp_cbg_executor
[11.349s] Invoked command in '/home/pi/ros2_ws/build/examples_rclcpp_cbg_executor' returned '0': CMAKE_PREFIX_PATH=${CMAKE_PREFIX_PATH}:/home/pi/turtlebot3_ws/install/turtlebot3_teleop:/home/pi/turtlebot3_ws/install/turtlebot3_example:/opt/ros/humble /usr/bin/cmake /home/pi/ros2_ws/src/examples/rclcpp/executors/cbg_executor -DAMENT_CMAKE_SYMLINK_INSTALL=1 -DCMAKE_INSTALL_PREFIX=/home/pi/ros2_ws/install/examples_rclcpp_cbg_executor
[11.353s] Invoking command in '/home/pi/ros2_ws/build/examples_rclcpp_cbg_executor': CMAKE_PREFIX_PATH=${CMAKE_PREFIX_PATH}:/home/pi/turtlebot3_ws/install/turtlebot3_teleop:/home/pi/turtlebot3_ws/install/turtlebot3_example:/opt/ros/humble /usr/bin/cmake --build /home/pi/ros2_ws/build/examples_rclcpp_cbg_executor -- -j4 -l4
[11.636s] [ 10%] [32mBuilding CXX object CMakeFiles/pong.dir/src/pong.cpp.o[0m
[11.673s] [ 20%] [32mBuilding CXX object CMakeFiles/pong.dir/src/examples_rclcpp_cbg_executor/pong_node.cpp.o[0m
[11.716s] [ 30%] [32mBuilding CXX object CMakeFiles/ping.dir/src/ping.cpp.o[0m
[11.720s] [ 40%] [32mBuilding CXX object CMakeFiles/ping_pong.dir/src/ping_pong.cpp.o[0m
[62.298s] [ 50%] [32mBuilding CXX object CMakeFiles/ping.dir/src/examples_rclcpp_cbg_executor/ping_node.cpp.o[0m
[62.326s] [ 60%] [32mBuilding CXX object CMakeFiles/ping_pong.dir/src/examples_rclcpp_cbg_executor/ping_node.cpp.o[0m
[116.562s] [ 70%] [32m[1mLinking CXX executable pong[0m
[119.855s] [ 70%] Built target pong
[140.032s] [ 80%] [32m[1mLinking CXX executable ping[0m
[143.039s] [ 80%] Built target ping
[144.258s] [ 90%] [32mBuilding CXX object CMakeFiles/ping_pong.dir/src/examples_rclcpp_cbg_executor/pong_node.cpp.o[0m
[195.108s] [100%] [32m[1mLinking CXX executable ping_pong[0m
[198.096s] [100%] Built target ping_pong
[198.150s] Invoked command in '/home/pi/ros2_ws/build/examples_rclcpp_cbg_executor' returned '0': CMAKE_PREFIX_PATH=${CMAKE_PREFIX_PATH}:/home/pi/turtlebot3_ws/install/turtlebot3_teleop:/home/pi/turtlebot3_ws/install/turtlebot3_example:/opt/ros/humble /usr/bin/cmake --build /home/pi/ros2_ws/build/examples_rclcpp_cbg_executor -- -j4 -l4
[198.386s] Invoking command in '/home/pi/ros2_ws/build/examples_rclcpp_cbg_executor': CMAKE_PREFIX_PATH=${CMAKE_PREFIX_PATH}:/home/pi/turtlebot3_ws/install/turtlebot3_teleop:/home/pi/turtlebot3_ws/install/turtlebot3_example:/opt/ros/humble /usr/bin/cmake --install /home/pi/ros2_ws/build/examples_rclcpp_cbg_executor
[198.431s] -- Install configuration: ""
[198.434s] -- Execute custom install script
[198.438s] -- Symlinking: /home/pi/ros2_ws/install/examples_rclcpp_cbg_executor/lib/examples_rclcpp_cbg_executor/ping
[198.483s] -- Symlinking: /home/pi/ros2_ws/install/examples_rclcpp_cbg_executor/lib/examples_rclcpp_cbg_executor/pong
[198.529s] -- Symlinking: /home/pi/ros2_ws/install/examples_rclcpp_cbg_executor/lib/examples_rclcpp_cbg_executor/ping_pong
[198.576s] -- Symlinking: /home/pi/ros2_ws/install/examples_rclcpp_cbg_executor/include/examples_rclcpp_cbg_executor/ping_node.hpp
[198.618s] -- Symlinking: /home/pi/ros2_ws/install/examples_rclcpp_cbg_executor/include/examples_rclcpp_cbg_executor/pong_node.hpp
[198.659s] -- Symlinking: /home/pi/ros2_ws/install/examples_rclcpp_cbg_executor/share/ament_index/resource_index/package_run_dependencies/examples_rclcpp_cbg_executor
[198.700s] -- Symlinking: /home/pi/ros2_ws/install/examples_rclcpp_cbg_executor/share/ament_index/resource_index/parent_prefix_path/examples_rclcpp_cbg_executor
[198.742s] -- Symlinking: /home/pi/ros2_ws/install/examples_rclcpp_cbg_executor/share/examples_rclcpp_cbg_executor/environment/ament_prefix_path.sh
[198.788s] -- Symlinking: /home/pi/ros2_ws/install/examples_rclcpp_cbg_executor/share/examples_rclcpp_cbg_executor/environment/ament_prefix_path.dsv
[198.828s] -- Symlinking: /home/pi/ros2_ws/install/examples_rclcpp_cbg_executor/share/examples_rclcpp_cbg_executor/environment/path.sh
[198.870s] -- Symlinking: /home/pi/ros2_ws/install/examples_rclcpp_cbg_executor/share/examples_rclcpp_cbg_executor/environment/path.dsv
[198.912s] -- Symlinking: /home/pi/ros2_ws/install/examples_rclcpp_cbg_executor/share/examples_rclcpp_cbg_executor/local_setup.bash
[198.951s] -- Symlinking: /home/pi/ros2_ws/install/examples_rclcpp_cbg_executor/share/examples_rclcpp_cbg_executor/local_setup.sh
[198.997s] -- Symlinking: /home/pi/ros2_ws/install/examples_rclcpp_cbg_executor/share/examples_rclcpp_cbg_executor/local_setup.zsh
[199.062s] -- Symlinking: /home/pi/ros2_ws/install/examples_rclcpp_cbg_executor/share/examples_rclcpp_cbg_executor/local_setup.dsv
[199.109s] -- Symlinking: /home/pi/ros2_ws/install/examples_rclcpp_cbg_executor/share/examples_rclcpp_cbg_executor/package.dsv
[199.150s] -- Symlinking: /home/pi/ros2_ws/install/examples_rclcpp_cbg_executor/share/ament_index/resource_index/packages/examples_rclcpp_cbg_executor
[199.191s] -- Symlinking: /home/pi/ros2_ws/install/examples_rclcpp_cbg_executor/share/examples_rclcpp_cbg_executor/cmake/ament_cmake_export_dependencies-extras.cmake
[199.231s] -- Symlinking: /home/pi/ros2_ws/install/examples_rclcpp_cbg_executor/share/examples_rclcpp_cbg_executor/cmake/examples_rclcpp_cbg_executorConfig.cmake
[199.277s] -- Symlinking: /home/pi/ros2_ws/install/examples_rclcpp_cbg_executor/share/examples_rclcpp_cbg_executor/cmake/examples_rclcpp_cbg_executorConfig-version.cmake
[199.323s] -- Symlinking: /home/pi/ros2_ws/install/examples_rclcpp_cbg_executor/share/examples_rclcpp_cbg_executor/package.xml
[199.388s] Invoked command in '/home/pi/ros2_ws/build/examples_rclcpp_cbg_executor' returned '0': CMAKE_PREFIX_PATH=${CMAKE_PREFIX_PATH}:/home/pi/turtlebot3_ws/install/turtlebot3_teleop:/home/pi/turtlebot3_ws/install/turtlebot3_example:/opt/ros/humble /usr/bin/cmake --install /home/pi/ros2_ws/build/examples_rclcpp_cbg_executor
