[5.453s] Invoking command in '/home/pi/ros2_ws/build/examples_rclpy_guard_conditions': PYTHONPATH=/home/pi/ros2_ws/install/examples_rclpy_guard_conditions/lib/python3.10/site-packages:${PYTHONPATH} /usr/bin/python3 setup.py develop --prefix /home/pi/ros2_ws/install/examples_rclpy_guard_conditions --editable --build-directory /home/pi/ros2_ws/build/examples_rclpy_guard_conditions/build --no-deps install_data --install-dir /home/pi/ros2_ws/install/examples_rclpy_guard_conditions
[7.819s] running develop
[7.823s] /usr/lib/python3/dist-packages/setuptools/command/easy_install.py:158: EasyInstallDeprecationWarning: easy_install command is deprecated. Use build and pip and other standards-based tools.
[7.825s]   warnings.warn(
[7.836s] /usr/lib/python3/dist-packages/setuptools/command/install.py:34: SetuptoolsDeprecationWarning: setup.py install is deprecated. Use build and pip and other standards-based tools.
[7.837s]   warnings.warn(
[8.453s] /usr/lib/python3/dist-packages/pkg_resources/__init__.py:116: PkgResourcesDeprecationWarning: 1.1build1 is an invalid version and will not be supported in a future release
[8.454s]   warnings.warn(
[8.459s] /usr/lib/python3/dist-packages/pkg_resources/__init__.py:116: PkgResourcesDeprecationWarning: 0.1.43ubuntu1 is an invalid version and will not be supported in a future release
[8.461s]   warnings.warn(
[9.657s] running egg_info
[9.659s] creating examples_rclpy_guard_conditions.egg-info
[9.662s] writing examples_rclpy_guard_conditions.egg-info/PKG-INFO
[9.666s] writing dependency_links to examples_rclpy_guard_conditions.egg-info/dependency_links.txt
[9.670s] writing entry points to examples_rclpy_guard_conditions.egg-info/entry_points.txt
[9.673s] writing requirements to examples_rclpy_guard_conditions.egg-info/requires.txt
[9.675s] writing top-level names to examples_rclpy_guard_conditions.egg-info/top_level.txt
[9.679s] writing manifest file 'examples_rclpy_guard_conditions.egg-info/SOURCES.txt'
[9.692s] reading manifest file 'examples_rclpy_guard_conditions.egg-info/SOURCES.txt'
[9.699s] writing manifest file 'examples_rclpy_guard_conditions.egg-info/SOURCES.txt'
[9.711s] running build_ext
[9.714s] Creating /home/pi/ros2_ws/install/examples_rclpy_guard_conditions/lib/python3.10/site-packages/examples-rclpy-guard-conditions.egg-link (link to .)
[9.727s] Installing trigger_guard_condition script to /home/pi/ros2_ws/install/examples_rclpy_guard_conditions/lib/examples_rclpy_guard_conditions
[9.732s] 
[9.734s] Installed /home/pi/ros2_ws/build/examples_rclpy_guard_conditions
[9.737s] running install_data
[9.740s] creating /home/pi/ros2_ws/install/examples_rclpy_guard_conditions/share/ament_index
[9.742s] creating /home/pi/ros2_ws/install/examples_rclpy_guard_conditions/share/ament_index/resource_index
[9.744s] creating /home/pi/ros2_ws/install/examples_rclpy_guard_conditions/share/ament_index/resource_index/packages
[9.747s] copying resource/examples_rclpy_guard_conditions -> /home/pi/ros2_ws/install/examples_rclpy_guard_conditions/share/ament_index/resource_index/packages
[9.750s] copying package.xml -> /home/pi/ros2_ws/install/examples_rclpy_guard_conditions/share/examples_rclpy_guard_conditions
[9.973s] Invoked command in '/home/pi/ros2_ws/build/examples_rclpy_guard_conditions' returned '0': PYTHONPATH=/home/pi/ros2_ws/install/examples_rclpy_guard_conditions/lib/python3.10/site-packages:${PYTHONPATH} /usr/bin/python3 setup.py develop --prefix /home/pi/ros2_ws/install/examples_rclpy_guard_conditions --editable --build-directory /home/pi/ros2_ws/build/examples_rclpy_guard_conditions/build --no-deps install_data --install-dir /home/pi/ros2_ws/install/examples_rclpy_guard_conditions
