[4.661s] Invoking command in '/home/pi/ros2_ws/build/examples_rclpy_minimal_client': PYTHONPATH=/home/pi/ros2_ws/install/examples_rclpy_minimal_client/lib/python3.10/site-packages:${PYTHONPATH} /usr/bin/python3 setup.py develop --prefix /home/pi/ros2_ws/install/examples_rclpy_minimal_client --editable --build-directory /home/pi/ros2_ws/build/examples_rclpy_minimal_client/build --no-deps install_data --install-dir /home/pi/ros2_ws/install/examples_rclpy_minimal_client
[6.805s] running develop
[6.807s] /usr/lib/python3/dist-packages/setuptools/command/easy_install.py:158: EasyInstallDeprecationWarning: easy_install command is deprecated. Use build and pip and other standards-based tools.
[6.808s]   warnings.warn(
[6.816s] /usr/lib/python3/dist-packages/setuptools/command/install.py:34: SetuptoolsDeprecationWarning: setup.py install is deprecated. Use build and pip and other standards-based tools.
[6.817s]   warnings.warn(
[7.326s] /usr/lib/python3/dist-packages/pkg_resources/__init__.py:116: PkgResourcesDeprecationWarning: 1.1build1 is an invalid version and will not be supported in a future release
[7.326s]   warnings.warn(
[7.327s] /usr/lib/python3/dist-packages/pkg_resources/__init__.py:116: PkgResourcesDeprecationWarning: 0.1.43ubuntu1 is an invalid version and will not be supported in a future release
[7.328s]   warnings.warn(
[8.348s] running egg_info
[8.348s] creating examples_rclpy_minimal_client.egg-info
[8.349s] writing examples_rclpy_minimal_client.egg-info/PKG-INFO
[8.349s] writing dependency_links to examples_rclpy_minimal_client.egg-info/dependency_links.txt
[8.350s] writing entry points to examples_rclpy_minimal_client.egg-info/entry_points.txt
[8.351s] writing requirements to examples_rclpy_minimal_client.egg-info/requires.txt
[8.352s] writing top-level names to examples_rclpy_minimal_client.egg-info/top_level.txt
[8.352s] writing manifest file 'examples_rclpy_minimal_client.egg-info/SOURCES.txt'
[8.362s] reading manifest file 'examples_rclpy_minimal_client.egg-info/SOURCES.txt'
[8.367s] writing manifest file 'examples_rclpy_minimal_client.egg-info/SOURCES.txt'
[8.379s] running build_ext
[8.381s] Creating /home/pi/ros2_ws/install/examples_rclpy_minimal_client/lib/python3.10/site-packages/examples-rclpy-minimal-client.egg-link (link to .)
[8.389s] Installing client script to /home/pi/ros2_ws/install/examples_rclpy_minimal_client/lib/examples_rclpy_minimal_client
[8.392s] Installing client_async script to /home/pi/ros2_ws/install/examples_rclpy_minimal_client/lib/examples_rclpy_minimal_client
[8.394s] Installing client_async_callback script to /home/pi/ros2_ws/install/examples_rclpy_minimal_client/lib/examples_rclpy_minimal_client
[8.397s] Installing client_async_member_function script to /home/pi/ros2_ws/install/examples_rclpy_minimal_client/lib/examples_rclpy_minimal_client
[8.400s] 
[8.401s] Installed /home/pi/ros2_ws/build/examples_rclpy_minimal_client
[8.403s] running install_data
[8.405s] creating /home/pi/ros2_ws/install/examples_rclpy_minimal_client/share/ament_index
[8.407s] creating /home/pi/ros2_ws/install/examples_rclpy_minimal_client/share/ament_index/resource_index
[8.409s] creating /home/pi/ros2_ws/install/examples_rclpy_minimal_client/share/ament_index/resource_index/packages
[8.411s] copying resource/examples_rclpy_minimal_client -> /home/pi/ros2_ws/install/examples_rclpy_minimal_client/share/ament_index/resource_index/packages
[8.414s] copying package.xml -> /home/pi/ros2_ws/install/examples_rclpy_minimal_client/share/examples_rclpy_minimal_client
[8.643s] Invoked command in '/home/pi/ros2_ws/build/examples_rclpy_minimal_client' returned '0': PYTHONPATH=/home/pi/ros2_ws/install/examples_rclpy_minimal_client/lib/python3.10/site-packages:${PYTHONPATH} /usr/bin/python3 setup.py develop --prefix /home/pi/ros2_ws/install/examples_rclpy_minimal_client --editable --build-directory /home/pi/ros2_ws/build/examples_rclpy_minimal_client/build --no-deps install_data --install-dir /home/pi/ros2_ws/install/examples_rclpy_minimal_client
