[0.113s] Invoking command in '/home/pi/ros2_ws/build/examples_rclcpp_minimal_action_client': CMAKE_PREFIX_PATH=${CMAKE_PREFIX_PATH}:/home/pi/turtlebot3_ws/install/turtlebot3_teleop:/home/pi/turtlebot3_ws/install/turtlebot3_example:/opt/ros/humble /usr/bin/cmake /home/pi/ros2_ws/src/examples/rclcpp/actions/minimal_action_client -DAMENT_CMAKE_SYMLINK_INSTALL=1 -DCMAKE_INSTALL_PREFIX=/home/pi/ros2_ws/install/examples_rclcpp_minimal_action_client
[1.416s] -- The C compiler identification is GNU 11.2.0
[2.274s] -- The CXX compiler identification is GNU 11.2.0
[2.323s] -- Detecting C compiler ABI info
[2.798s] -- Detecting C compiler ABI info - done
[2.824s] -- Check for working C compiler: /usr/bin/cc - skipped
[2.830s] -- Detecting C compile features
[2.837s] -- Detecting C compile features - done
[2.853s] -- Detecting CXX compiler ABI info
[3.329s] -- Detecting CXX compiler ABI info - done
[3.356s] -- Check for working CXX compiler: /usr/bin/c++ - skipped
[3.359s] -- Detecting CXX compile features
[3.361s] -- Detecting CXX compile features - done
[3.402s] -- Found ament_cmake: 1.3.2 (/opt/ros/humble/share/ament_cmake/cmake)
[4.835s] -- Found Python3: /usr/bin/python3.10 (found version "3.10.4") found components: Interpreter 
[5.351s] -- Override CMake install command with custom implementation using symlinks instead of copying resources
[5.805s] -- Found example_interfaces: 0.9.3 (/opt/ros/humble/share/example_interfaces/cmake)
[6.831s] -- Found rosidl_generator_c: 3.1.3 (/opt/ros/humble/share/rosidl_generator_c/cmake)
[6.942s] -- Found rosidl_adapter: 3.1.3 (/opt/ros/humble/share/rosidl_adapter/cmake)
[7.037s] -- Found rosidl_generator_cpp: 3.1.3 (/opt/ros/humble/share/rosidl_generator_cpp/cmake)
[7.168s] -- Using all available rosidl_typesupport_c: rosidl_typesupport_fastrtps_c;rosidl_typesupport_introspection_c
[7.349s] -- Using all available rosidl_typesupport_cpp: rosidl_typesupport_fastrtps_cpp;rosidl_typesupport_introspection_cpp
[8.157s] -- Found rclcpp: 16.0.1 (/opt/ros/humble/share/rclcpp/cmake)
[8.553s] -- Found rmw_implementation_cmake: 6.1.0 (/opt/ros/humble/share/rmw_implementation_cmake/cmake)
[8.582s] -- Found rmw_fastrtps_cpp: 6.2.1 (/opt/ros/humble/share/rmw_fastrtps_cpp/cmake)
[9.186s] -- Found OpenSSL: /usr/lib/aarch64-linux-gnu/libcrypto.so (found version "3.0.2")  
[9.406s] -- Found FastRTPS: /opt/ros/humble/include  
[9.791s] -- Using RMW implementation 'rmw_fastrtps_cpp' as default
[10.586s] -- Found rclcpp_action: 16.0.1 (/opt/ros/humble/share/rclcpp_action/cmake)
[10.781s] -- Found ament_lint_auto: 0.12.4 (/opt/ros/humble/share/ament_lint_auto/cmake)
[11.644s] -- Added test 'copyright' to check source files copyright and LICENSE
[11.658s] -- Added test 'cppcheck' to perform static code analysis on C / C++ code
[11.661s] -- Configured cppcheck include dirs: 
[11.662s] -- Configured cppcheck exclude dirs and/or files: 
[11.679s] -- Added test 'cpplint' to check C / C++ code against the Google style
[11.680s] -- Configured cpplint exclude dirs and/or files: 
[11.708s] -- Added test 'lint_cmake' to check CMake code style
[11.712s] -- Added test 'uncrustify' to check C / C++ code style
[11.713s] -- Configured uncrustify additional arguments: 
[11.721s] -- Added test 'xmllint' to check XML markup files
[11.738s] -- Configuring done
[11.880s] -- Generating done
[11.894s] -- Build files have been written to: /home/pi/ros2_ws/build/examples_rclcpp_minimal_action_client
[11.941s] Invoked command in '/home/pi/ros2_ws/build/examples_rclcpp_minimal_action_client' returned '0': CMAKE_PREFIX_PATH=${CMAKE_PREFIX_PATH}:/home/pi/turtlebot3_ws/install/turtlebot3_teleop:/home/pi/turtlebot3_ws/install/turtlebot3_example:/opt/ros/humble /usr/bin/cmake /home/pi/ros2_ws/src/examples/rclcpp/actions/minimal_action_client -DAMENT_CMAKE_SYMLINK_INSTALL=1 -DCMAKE_INSTALL_PREFIX=/home/pi/ros2_ws/install/examples_rclcpp_minimal_action_client
[11.943s] Invoking command in '/home/pi/ros2_ws/build/examples_rclcpp_minimal_action_client': CMAKE_PREFIX_PATH=${CMAKE_PREFIX_PATH}:/home/pi/turtlebot3_ws/install/turtlebot3_teleop:/home/pi/turtlebot3_ws/install/turtlebot3_example:/opt/ros/humble /usr/bin/cmake --build /home/pi/ros2_ws/build/examples_rclcpp_minimal_action_client -- -j4 -l4
[12.266s] [ 12%] [32mBuilding CXX object CMakeFiles/action_client_member_functions.dir/member_functions.cpp.o[0m
[12.398s] [ 25%] [32mBuilding CXX object CMakeFiles/action_client_not_composable_with_cancel.dir/not_composable_with_cancel.cpp.o[0m
[12.403s] [ 37%] [32mBuilding CXX object CMakeFiles/action_client_not_composable.dir/not_composable.cpp.o[0m
[12.448s] [ 50%] [32mBuilding CXX object CMakeFiles/action_client_not_composable_with_feedback.dir/not_composable_with_feedback.cpp.o[0m
[75.168s] [ 62%] [32m[1mLinking CXX executable action_client_not_composable_with_feedback[0m
[76.637s] [ 75%] [32m[1mLinking CXX executable action_client_member_functions[0m
[78.450s] [ 75%] Built target action_client_not_composable_with_feedback
[79.225s] [ 87%] [32m[1mLinking CXX executable action_client_not_composable_with_cancel[0m
[79.496s] [100%] [32m[1mLinking CXX executable action_client_not_composable[0m
[79.718s] [100%] Built target action_client_member_functions
[81.517s] [100%] Built target action_client_not_composable_with_cancel
[81.834s] [100%] Built target action_client_not_composable
[81.948s] Invoked command in '/home/pi/ros2_ws/build/examples_rclcpp_minimal_action_client' returned '0': CMAKE_PREFIX_PATH=${CMAKE_PREFIX_PATH}:/home/pi/turtlebot3_ws/install/turtlebot3_teleop:/home/pi/turtlebot3_ws/install/turtlebot3_example:/opt/ros/humble /usr/bin/cmake --build /home/pi/ros2_ws/build/examples_rclcpp_minimal_action_client -- -j4 -l4
[82.518s] Invoking command in '/home/pi/ros2_ws/build/examples_rclcpp_minimal_action_client': CMAKE_PREFIX_PATH=${CMAKE_PREFIX_PATH}:/home/pi/turtlebot3_ws/install/turtlebot3_teleop:/home/pi/turtlebot3_ws/install/turtlebot3_example:/opt/ros/humble /usr/bin/cmake --install /home/pi/ros2_ws/build/examples_rclcpp_minimal_action_client
[82.564s] -- Install configuration: ""
[82.568s] -- Execute custom install script
[82.573s] -- Symlinking: /home/pi/ros2_ws/install/examples_rclcpp_minimal_action_client/lib/examples_rclcpp_minimal_action_client/action_client_member_functions
[82.620s] -- Symlinking: /home/pi/ros2_ws/install/examples_rclcpp_minimal_action_client/lib/examples_rclcpp_minimal_action_client/action_client_not_composable
[82.676s] -- Symlinking: /home/pi/ros2_ws/install/examples_rclcpp_minimal_action_client/lib/examples_rclcpp_minimal_action_client/action_client_not_composable_with_cancel
[82.734s] -- Symlinking: /home/pi/ros2_ws/install/examples_rclcpp_minimal_action_client/lib/examples_rclcpp_minimal_action_client/action_client_not_composable_with_feedback
[82.804s] -- Symlinking: /home/pi/ros2_ws/install/examples_rclcpp_minimal_action_client/share/ament_index/resource_index/package_run_dependencies/examples_rclcpp_minimal_action_client
[82.854s] -- Symlinking: /home/pi/ros2_ws/install/examples_rclcpp_minimal_action_client/share/ament_index/resource_index/parent_prefix_path/examples_rclcpp_minimal_action_client
[82.914s] -- Symlinking: /home/pi/ros2_ws/install/examples_rclcpp_minimal_action_client/share/examples_rclcpp_minimal_action_client/environment/ament_prefix_path.sh
[82.994s] -- Symlinking: /home/pi/ros2_ws/install/examples_rclcpp_minimal_action_client/share/examples_rclcpp_minimal_action_client/environment/ament_prefix_path.dsv
[83.086s] -- Symlinking: /home/pi/ros2_ws/install/examples_rclcpp_minimal_action_client/share/examples_rclcpp_minimal_action_client/environment/path.sh
[83.173s] -- Symlinking: /home/pi/ros2_ws/install/examples_rclcpp_minimal_action_client/share/examples_rclcpp_minimal_action_client/environment/path.dsv
[83.294s] -- Symlinking: /home/pi/ros2_ws/install/examples_rclcpp_minimal_action_client/share/examples_rclcpp_minimal_action_client/local_setup.bash
[83.394s] -- Symlinking: /home/pi/ros2_ws/install/examples_rclcpp_minimal_action_client/share/examples_rclcpp_minimal_action_client/local_setup.sh
[83.498s] -- Symlinking: /home/pi/ros2_ws/install/examples_rclcpp_minimal_action_client/share/examples_rclcpp_minimal_action_client/local_setup.zsh
[83.552s] -- Symlinking: /home/pi/ros2_ws/install/examples_rclcpp_minimal_action_client/share/examples_rclcpp_minimal_action_client/local_setup.dsv
[83.633s] -- Symlinking: /home/pi/ros2_ws/install/examples_rclcpp_minimal_action_client/share/examples_rclcpp_minimal_action_client/package.dsv
[83.706s] -- Symlinking: /home/pi/ros2_ws/install/examples_rclcpp_minimal_action_client/share/ament_index/resource_index/packages/examples_rclcpp_minimal_action_client
[83.764s] -- Symlinking: /home/pi/ros2_ws/install/examples_rclcpp_minimal_action_client/share/examples_rclcpp_minimal_action_client/cmake/examples_rclcpp_minimal_action_clientConfig.cmake
[83.815s] -- Symlinking: /home/pi/ros2_ws/install/examples_rclcpp_minimal_action_client/share/examples_rclcpp_minimal_action_client/cmake/examples_rclcpp_minimal_action_clientConfig-version.cmake
[83.862s] -- Symlinking: /home/pi/ros2_ws/install/examples_rclcpp_minimal_action_client/share/examples_rclcpp_minimal_action_client/package.xml
[83.949s] Invoked command in '/home/pi/ros2_ws/build/examples_rclcpp_minimal_action_client' returned '0': CMAKE_PREFIX_PATH=${CMAKE_PREFIX_PATH}:/home/pi/turtlebot3_ws/install/turtlebot3_teleop:/home/pi/turtlebot3_ws/install/turtlebot3_example:/opt/ros/humble /usr/bin/cmake --install /home/pi/ros2_ws/build/examples_rclcpp_minimal_action_client
