[4.799s] Invoking command in '/home/pi/ros2_ws/build/examples_rclpy_minimal_service': PYTHONPATH=/home/pi/ros2_ws/install/examples_rclpy_minimal_service/lib/python3.10/site-packages:${PYTHONPATH} /usr/bin/python3 setup.py develop --prefix /home/pi/ros2_ws/install/examples_rclpy_minimal_service --editable --build-directory /home/pi/ros2_ws/build/examples_rclpy_minimal_service/build --no-deps install_data --install-dir /home/pi/ros2_ws/install/examples_rclpy_minimal_service
[6.853s] running develop
[6.855s] /usr/lib/python3/dist-packages/setuptools/command/easy_install.py:158: EasyInstallDeprecationWarning: easy_install command is deprecated. Use build and pip and other standards-based tools.
[6.856s]   warnings.warn(
[6.864s] /usr/lib/python3/dist-packages/setuptools/command/install.py:34: SetuptoolsDeprecationWarning: setup.py install is deprecated. Use build and pip and other standards-based tools.
[6.864s]   warnings.warn(
[7.355s] /usr/lib/python3/dist-packages/pkg_resources/__init__.py:116: PkgResourcesDeprecationWarning: 1.1build1 is an invalid version and will not be supported in a future release
[7.356s]   warnings.warn(
[7.357s] /usr/lib/python3/dist-packages/pkg_resources/__init__.py:116: PkgResourcesDeprecationWarning: 0.1.43ubuntu1 is an invalid version and will not be supported in a future release
[7.358s]   warnings.warn(
[8.486s] running egg_info
[8.488s] creating examples_rclpy_minimal_service.egg-info
[8.489s] writing examples_rclpy_minimal_service.egg-info/PKG-INFO
[8.500s] writing dependency_links to examples_rclpy_minimal_service.egg-info/dependency_links.txt
[8.500s] writing entry points to examples_rclpy_minimal_service.egg-info/entry_points.txt
[8.501s] writing requirements to examples_rclpy_minimal_service.egg-info/requires.txt
[8.502s] writing top-level names to examples_rclpy_minimal_service.egg-info/top_level.txt
[8.502s] writing manifest file 'examples_rclpy_minimal_service.egg-info/SOURCES.txt'
[8.507s] reading manifest file 'examples_rclpy_minimal_service.egg-info/SOURCES.txt'
[8.509s] writing manifest file 'examples_rclpy_minimal_service.egg-info/SOURCES.txt'
[8.532s] running build_ext
[8.534s] Creating /home/pi/ros2_ws/install/examples_rclpy_minimal_service/lib/python3.10/site-packages/examples-rclpy-minimal-service.egg-link (link to .)
[8.630s] Installing service script to /home/pi/ros2_ws/install/examples_rclpy_minimal_service/lib/examples_rclpy_minimal_service
[8.634s] Installing service_member_function script to /home/pi/ros2_ws/install/examples_rclpy_minimal_service/lib/examples_rclpy_minimal_service
[8.637s] 
[8.639s] Installed /home/pi/ros2_ws/build/examples_rclpy_minimal_service
[8.641s] running install_data
[8.643s] creating /home/pi/ros2_ws/install/examples_rclpy_minimal_service/share/ament_index
[8.645s] creating /home/pi/ros2_ws/install/examples_rclpy_minimal_service/share/ament_index/resource_index
[8.647s] creating /home/pi/ros2_ws/install/examples_rclpy_minimal_service/share/ament_index/resource_index/packages
[8.650s] copying resource/examples_rclpy_minimal_service -> /home/pi/ros2_ws/install/examples_rclpy_minimal_service/share/ament_index/resource_index/packages
[8.652s] copying package.xml -> /home/pi/ros2_ws/install/examples_rclpy_minimal_service/share/examples_rclpy_minimal_service
[8.864s] Invoked command in '/home/pi/ros2_ws/build/examples_rclpy_minimal_service' returned '0': PYTHONPATH=/home/pi/ros2_ws/install/examples_rclpy_minimal_service/lib/python3.10/site-packages:${PYTHONPATH} /usr/bin/python3 setup.py develop --prefix /home/pi/ros2_ws/install/examples_rclpy_minimal_service --editable --build-directory /home/pi/ros2_ws/build/examples_rclpy_minimal_service/build --no-deps install_data --install-dir /home/pi/ros2_ws/install/examples_rclpy_minimal_service
