[6.133s] Invoking command in '/home/pi/ros2_ws/build/examples_rclpy_executors': PYTHONPATH=/home/pi/ros2_ws/install/examples_rclpy_executors/lib/python3.10/site-packages:${PYTHONPATH} /usr/bin/python3 setup.py develop --prefix /home/pi/ros2_ws/install/examples_rclpy_executors --editable --build-directory /home/pi/ros2_ws/build/examples_rclpy_executors/build --no-deps install_data --install-dir /home/pi/ros2_ws/install/examples_rclpy_executors
[8.414s] running develop
[8.423s] /usr/lib/python3/dist-packages/setuptools/command/easy_install.py:158: EasyInstallDeprecationWarning: easy_install command is deprecated. Use build and pip and other standards-based tools.
[8.424s]   warnings.warn(
[8.436s] /usr/lib/python3/dist-packages/setuptools/command/install.py:34: SetuptoolsDeprecationWarning: setup.py install is deprecated. Use build and pip and other standards-based tools.
[8.438s]   warnings.warn(
[9.039s] /usr/lib/python3/dist-packages/pkg_resources/__init__.py:116: PkgResourcesDeprecationWarning: 1.1build1 is an invalid version and will not be supported in a future release
[9.041s]   warnings.warn(
[9.045s] /usr/lib/python3/dist-packages/pkg_resources/__init__.py:116: PkgResourcesDeprecationWarning: 0.1.43ubuntu1 is an invalid version and will not be supported in a future release
[9.046s]   warnings.warn(
[10.214s] running egg_info
[10.216s] creating examples_rclpy_executors.egg-info
[10.219s] writing examples_rclpy_executors.egg-info/PKG-INFO
[10.223s] writing dependency_links to examples_rclpy_executors.egg-info/dependency_links.txt
[10.226s] writing entry points to examples_rclpy_executors.egg-info/entry_points.txt
[10.229s] writing requirements to examples_rclpy_executors.egg-info/requires.txt
[10.232s] writing top-level names to examples_rclpy_executors.egg-info/top_level.txt
[10.236s] writing manifest file 'examples_rclpy_executors.egg-info/SOURCES.txt'
[10.250s] reading manifest file 'examples_rclpy_executors.egg-info/SOURCES.txt'
[10.256s] writing manifest file 'examples_rclpy_executors.egg-info/SOURCES.txt'
[10.267s] running build_ext
[10.270s] Creating /home/pi/ros2_ws/install/examples_rclpy_executors/lib/python3.10/site-packages/examples-rclpy-executors.egg-link (link to .)
[10.279s] Installing callback_group script to /home/pi/ros2_ws/install/examples_rclpy_executors/lib/examples_rclpy_executors
[10.283s] Installing composed script to /home/pi/ros2_ws/install/examples_rclpy_executors/lib/examples_rclpy_executors
[10.285s] Installing custom_callback_group script to /home/pi/ros2_ws/install/examples_rclpy_executors/lib/examples_rclpy_executors
[10.290s] Installing custom_executor script to /home/pi/ros2_ws/install/examples_rclpy_executors/lib/examples_rclpy_executors
[10.293s] Installing listener script to /home/pi/ros2_ws/install/examples_rclpy_executors/lib/examples_rclpy_executors
[10.296s] Installing talker script to /home/pi/ros2_ws/install/examples_rclpy_executors/lib/examples_rclpy_executors
[10.299s] 
[10.301s] Installed /home/pi/ros2_ws/build/examples_rclpy_executors
[10.304s] running install_data
[10.306s] creating /home/pi/ros2_ws/install/examples_rclpy_executors/share/ament_index
[10.308s] creating /home/pi/ros2_ws/install/examples_rclpy_executors/share/ament_index/resource_index
[10.310s] creating /home/pi/ros2_ws/install/examples_rclpy_executors/share/ament_index/resource_index/packages
[10.313s] copying resource/examples_rclpy_executors -> /home/pi/ros2_ws/install/examples_rclpy_executors/share/ament_index/resource_index/packages
[10.316s] copying package.xml -> /home/pi/ros2_ws/install/examples_rclpy_executors/share/examples_rclpy_executors
[10.548s] Invoked command in '/home/pi/ros2_ws/build/examples_rclpy_executors' returned '0': PYTHONPATH=/home/pi/ros2_ws/install/examples_rclpy_executors/lib/python3.10/site-packages:${PYTHONPATH} /usr/bin/python3 setup.py develop --prefix /home/pi/ros2_ws/install/examples_rclpy_executors --editable --build-directory /home/pi/ros2_ws/build/examples_rclpy_executors/build --no-deps install_data --install-dir /home/pi/ros2_ws/install/examples_rclpy_executors
