[0.061s] Invoking command in '/home/pi/ros2_ws/build/examples_rclcpp_wait_set': CMAKE_PREFIX_PATH=${CMAKE_PREFIX_PATH}:/home/pi/turtlebot3_ws/install/turtlebot3_teleop:/home/pi/turtlebot3_ws/install/turtlebot3_example:/opt/ros/humble /usr/bin/cmake /home/pi/ros2_ws/src/examples/rclcpp/wait_set -DAMENT_CMAKE_SYMLINK_INSTALL=1 -DCMAKE_INSTALL_PREFIX=/home/pi/ros2_ws/install/examples_rclcpp_wait_set
[0.382s] -- The C compiler identification is GNU 11.2.0
[0.694s] -- The CXX compiler identification is GNU 11.2.0
[0.732s] -- Detecting C compiler ABI info
[1.127s] -- Detecting C compiler ABI info - done
[1.159s] -- Check for working C compiler: /usr/bin/cc - skipped
[1.161s] -- Detecting C compile features
[1.165s] -- Detecting C compile features - done
[1.184s] -- Detecting CXX compiler ABI info
[1.652s] -- Detecting CXX compiler ABI info - done
[1.685s] -- Check for working CXX compiler: /usr/bin/c++ - skipped
[1.686s] -- Detecting CXX compile features
[1.688s] -- Detecting CXX compile features - done
[1.717s] -- Found ament_cmake: 1.3.2 (/opt/ros/humble/share/ament_cmake/cmake)
[3.024s] -- Found Python3: /usr/bin/python3.10 (found version "3.10.4") found components: Interpreter 
[3.504s] -- Override CMake install command with custom implementation using symlinks instead of copying resources
[3.886s] -- Found example_interfaces: 0.9.3 (/opt/ros/humble/share/example_interfaces/cmake)
[4.263s] -- Found rosidl_generator_c: 3.1.3 (/opt/ros/humble/share/rosidl_generator_c/cmake)
[4.321s] -- Found rosidl_adapter: 3.1.3 (/opt/ros/humble/share/rosidl_adapter/cmake)
[4.396s] -- Found rosidl_generator_cpp: 3.1.3 (/opt/ros/humble/share/rosidl_generator_cpp/cmake)
[4.498s] -- Using all available rosidl_typesupport_c: rosidl_typesupport_fastrtps_c;rosidl_typesupport_introspection_c
[4.658s] -- Using all available rosidl_typesupport_cpp: rosidl_typesupport_fastrtps_cpp;rosidl_typesupport_introspection_cpp
[5.534s] -- Found rclcpp: 16.0.1 (/opt/ros/humble/share/rclcpp/cmake)
[6.081s] -- Found rmw_implementation_cmake: 6.1.0 (/opt/ros/humble/share/rmw_implementation_cmake/cmake)
[6.117s] -- Found rmw_fastrtps_cpp: 6.2.1 (/opt/ros/humble/share/rmw_fastrtps_cpp/cmake)
[6.908s] -- Found OpenSSL: /usr/lib/aarch64-linux-gnu/libcrypto.so (found version "3.0.2")  
[7.187s] -- Found FastRTPS: /opt/ros/humble/include  
[7.650s] -- Using RMW implementation 'rmw_fastrtps_cpp' as default
[8.619s] -- Found rclcpp_components: 16.0.1 (/opt/ros/humble/share/rclcpp_components/cmake)
[9.176s] -- Found ament_lint_auto: 0.12.4 (/opt/ros/humble/share/ament_lint_auto/cmake)
[9.979s] -- Added test 'copyright' to check source files copyright and LICENSE
[9.998s] -- Added test 'cppcheck' to perform static code analysis on C / C++ code
[10.003s] -- Configured cppcheck include dirs: /home/pi/ros2_ws/src/examples/rclcpp/wait_set/include
[10.004s] -- Configured cppcheck exclude dirs and/or files: 
[10.024s] -- Added test 'cpplint' to check C / C++ code against the Google style
[10.024s] -- Configured cpplint exclude dirs and/or files: 
[10.034s] -- Added test 'lint_cmake' to check CMake code style
[10.054s] -- Added test 'uncrustify' to check C / C++ code style
[10.055s] -- Configured uncrustify additional arguments: 
[10.060s] -- Added test 'xmllint' to check XML markup files
[10.076s] -- Configuring done
[10.396s] -- Generating done
[10.418s] -- Build files have been written to: /home/pi/ros2_ws/build/examples_rclcpp_wait_set
[10.496s] Invoked command in '/home/pi/ros2_ws/build/examples_rclcpp_wait_set' returned '0': CMAKE_PREFIX_PATH=${CMAKE_PREFIX_PATH}:/home/pi/turtlebot3_ws/install/turtlebot3_teleop:/home/pi/turtlebot3_ws/install/turtlebot3_example:/opt/ros/humble /usr/bin/cmake /home/pi/ros2_ws/src/examples/rclcpp/wait_set -DAMENT_CMAKE_SYMLINK_INSTALL=1 -DCMAKE_INSTALL_PREFIX=/home/pi/ros2_ws/install/examples_rclcpp_wait_set
[10.499s] Invoking command in '/home/pi/ros2_ws/build/examples_rclcpp_wait_set': CMAKE_PREFIX_PATH=${CMAKE_PREFIX_PATH}:/home/pi/turtlebot3_ws/install/turtlebot3_teleop:/home/pi/turtlebot3_ws/install/turtlebot3_example:/opt/ros/humble /usr/bin/cmake --build /home/pi/ros2_ws/build/examples_rclcpp_wait_set -- -j4 -l4
[10.805s] [  4%] [32mBuilding CXX object CMakeFiles/talker.dir/src/talker.cpp.o[0m
[40.015s] [  8%] [32m[1mLinking CXX shared library libtalker.so[0m
[41.353s] [  8%] Built target talker
[41.459s] [ 12%] [32mBuilding CXX object CMakeFiles/wait_set_listener.dir/rclcpp_components/node_main_wait_set_listener.cpp.o[0m
[62.370s] [ 16%] [32m[1mLinking CXX executable wait_set_listener[0m
[63.239s] [ 16%] Built target wait_set_listener
[63.332s] [ 20%] [32mBuilding CXX object CMakeFiles/wait_set.dir/src/wait_set.cpp.o[0m
[104.433s] [ 25%] [32mBuilding CXX object CMakeFiles/static_wait_set.dir/src/static_wait_set.cpp.o[0m
[105.623s] [ 29%] [32mBuilding CXX object CMakeFiles/listener.dir/src/listener.cpp.o[0m
[106.770s] [ 33%] [32mBuilding CXX object CMakeFiles/wait_set_talker.dir/rclcpp_components/node_main_wait_set_talker.cpp.o[0m
[128.701s] [ 37%] [32m[1mLinking CXX executable wait_set[0m
[132.863s] [ 37%] Built target wait_set
[150.531s] [ 41%] [32m[1mLinking CXX executable wait_set_talker[0m
[151.702s] [ 41%] Built target wait_set_talker
[185.502s] [ 45%] [32m[1mLinking CXX executable static_wait_set[0m
[187.742s] [ 45%] Built target static_wait_set
[192.517s] [ 50%] [32m[1mLinking CXX shared library liblistener.so[0m
[194.676s] [ 50%] Built target listener
[194.766s] [ 54%] [32mBuilding CXX object CMakeFiles/wait_set_random_order.dir/src/wait_set_random_order.cpp.o[0m
[219.836s] [ 58%] [32mBuilding CXX object CMakeFiles/executor_random_order.dir/src/executor_random_order.cpp.o[0m
[221.919s] [ 62%] [32mBuilding CXX object CMakeFiles/wait_set_topics_and_timer.dir/src/wait_set_topics_and_timer.cpp.o[0m
[224.131s] [ 66%] [32mBuilding CXX object CMakeFiles/thread_safe_wait_set.dir/src/thread_safe_wait_set.cpp.o[0m
[247.471s] [ 70%] [32m[1mLinking CXX executable wait_set_random_order[0m
[250.360s] [ 70%] Built target wait_set_random_order
[277.778s] [ 75%] [32m[1mLinking CXX executable executor_random_order[0m
[280.095s] [ 75%] Built target executor_random_order
[281.048s] [ 79%] [32m[1mLinking CXX executable wait_set_topics_and_timer[0m
[283.198s] [ 83%] [32m[1mLinking CXX executable thread_safe_wait_set[0m
[283.327s] [ 83%] Built target wait_set_topics_and_timer
[285.486s] [ 83%] Built target thread_safe_wait_set
[285.571s] [ 87%] [32mBuilding CXX object CMakeFiles/wait_set_composed.dir/src/wait_set_composed.cpp.o[0m
[299.233s] [ 91%] [32m[1mLinking CXX executable wait_set_composed[0m
[300.629s] [ 91%] Built target wait_set_composed
[300.706s] [ 95%] [32mBuilding CXX object CMakeFiles/wait_set_topics_with_different_rates.dir/src/wait_set_topics_with_different_rates.cpp.o[0m
[345.906s] [100%] [32m[1mLinking CXX executable wait_set_topics_with_different_rates[0m
[348.062s] [100%] Built target wait_set_topics_with_different_rates
[348.101s] Invoked command in '/home/pi/ros2_ws/build/examples_rclcpp_wait_set' returned '0': CMAKE_PREFIX_PATH=${CMAKE_PREFIX_PATH}:/home/pi/turtlebot3_ws/install/turtlebot3_teleop:/home/pi/turtlebot3_ws/install/turtlebot3_example:/opt/ros/humble /usr/bin/cmake --build /home/pi/ros2_ws/build/examples_rclcpp_wait_set -- -j4 -l4
[348.457s] Invoking command in '/home/pi/ros2_ws/build/examples_rclcpp_wait_set': CMAKE_PREFIX_PATH=${CMAKE_PREFIX_PATH}:/home/pi/turtlebot3_ws/install/turtlebot3_teleop:/home/pi/turtlebot3_ws/install/turtlebot3_example:/opt/ros/humble /usr/bin/cmake --install /home/pi/ros2_ws/build/examples_rclcpp_wait_set
[348.489s] -- Install configuration: ""
[348.491s] -- Execute custom install script
[348.493s] -- Symlinking: /home/pi/ros2_ws/install/examples_rclcpp_wait_set/lib/examples_rclcpp_wait_set/wait_set_talker
[348.523s] -- Symlinking: /home/pi/ros2_ws/install/examples_rclcpp_wait_set/lib/examples_rclcpp_wait_set/wait_set_listener
[348.555s] -- Symlinking: /home/pi/ros2_ws/install/examples_rclcpp_wait_set/lib/libtalker.so
[348.585s] -- Symlinking: /home/pi/ros2_ws/install/examples_rclcpp_wait_set/lib/liblistener.so
[348.619s] -- Symlinking: /home/pi/ros2_ws/install/examples_rclcpp_wait_set/lib/examples_rclcpp_wait_set/wait_set
[348.654s] -- Symlinking: /home/pi/ros2_ws/install/examples_rclcpp_wait_set/lib/examples_rclcpp_wait_set/static_wait_set
[348.688s] -- Symlinking: /home/pi/ros2_ws/install/examples_rclcpp_wait_set/lib/examples_rclcpp_wait_set/thread_safe_wait_set
[348.722s] -- Symlinking: /home/pi/ros2_ws/install/examples_rclcpp_wait_set/lib/examples_rclcpp_wait_set/wait_set_topics_and_timer
[348.755s] -- Symlinking: /home/pi/ros2_ws/install/examples_rclcpp_wait_set/lib/examples_rclcpp_wait_set/wait_set_random_order
[348.788s] -- Symlinking: /home/pi/ros2_ws/install/examples_rclcpp_wait_set/lib/examples_rclcpp_wait_set/executor_random_order
[348.823s] -- Symlinking: /home/pi/ros2_ws/install/examples_rclcpp_wait_set/lib/examples_rclcpp_wait_set/wait_set_topics_with_different_rates
[348.856s] -- Symlinking: /home/pi/ros2_ws/install/examples_rclcpp_wait_set/lib/examples_rclcpp_wait_set/wait_set_composed
[348.891s] -- Symlinking: /home/pi/ros2_ws/install/examples_rclcpp_wait_set/share/ament_index/resource_index/package_run_dependencies/examples_rclcpp_wait_set
[348.924s] -- Symlinking: /home/pi/ros2_ws/install/examples_rclcpp_wait_set/share/ament_index/resource_index/parent_prefix_path/examples_rclcpp_wait_set
[348.957s] -- Symlinking: /home/pi/ros2_ws/install/examples_rclcpp_wait_set/share/examples_rclcpp_wait_set/environment/ament_prefix_path.sh
[348.989s] -- Symlinking: /home/pi/ros2_ws/install/examples_rclcpp_wait_set/share/examples_rclcpp_wait_set/environment/ament_prefix_path.dsv
[349.022s] -- Symlinking: /home/pi/ros2_ws/install/examples_rclcpp_wait_set/share/examples_rclcpp_wait_set/environment/path.sh
[349.052s] -- Symlinking: /home/pi/ros2_ws/install/examples_rclcpp_wait_set/share/examples_rclcpp_wait_set/environment/path.dsv
[349.084s] -- Symlinking: /home/pi/ros2_ws/install/examples_rclcpp_wait_set/share/examples_rclcpp_wait_set/local_setup.bash
[349.116s] -- Symlinking: /home/pi/ros2_ws/install/examples_rclcpp_wait_set/share/examples_rclcpp_wait_set/local_setup.sh
[349.148s] -- Symlinking: /home/pi/ros2_ws/install/examples_rclcpp_wait_set/share/examples_rclcpp_wait_set/local_setup.zsh
[349.179s] -- Symlinking: /home/pi/ros2_ws/install/examples_rclcpp_wait_set/share/examples_rclcpp_wait_set/local_setup.dsv
[349.210s] -- Symlinking: /home/pi/ros2_ws/install/examples_rclcpp_wait_set/share/examples_rclcpp_wait_set/package.dsv
[349.245s] -- Symlinking: /home/pi/ros2_ws/install/examples_rclcpp_wait_set/share/ament_index/resource_index/packages/examples_rclcpp_wait_set
[349.278s] -- Symlinking: /home/pi/ros2_ws/install/examples_rclcpp_wait_set/share/ament_index/resource_index/rclcpp_components/examples_rclcpp_wait_set
[349.311s] -- Symlinking: /home/pi/ros2_ws/install/examples_rclcpp_wait_set/share/examples_rclcpp_wait_set/cmake/examples_rclcpp_wait_setConfig.cmake
[349.344s] -- Symlinking: /home/pi/ros2_ws/install/examples_rclcpp_wait_set/share/examples_rclcpp_wait_set/cmake/examples_rclcpp_wait_setConfig-version.cmake
[349.376s] -- Symlinking: /home/pi/ros2_ws/install/examples_rclcpp_wait_set/share/examples_rclcpp_wait_set/package.xml
[349.422s] Invoked command in '/home/pi/ros2_ws/build/examples_rclcpp_wait_set' returned '0': CMAKE_PREFIX_PATH=${CMAKE_PREFIX_PATH}:/home/pi/turtlebot3_ws/install/turtlebot3_teleop:/home/pi/turtlebot3_ws/install/turtlebot3_example:/opt/ros/humble /usr/bin/cmake --install /home/pi/ros2_ws/build/examples_rclcpp_wait_set
